
****Welcome to ModelGenerator v0.84****

If you use ModelGenerator in your analysis, please cite:

Thomas M Keane, Christopher J Creevey , Melissa M Pentony, Thomas J Naughton and James O McInerney (2006) Assessment of methods for amino acid matrix selection and their use on empirical data shows that ad hoc assumptions for choice of matrix are not justified, BMC Evolutionary Biology, 6:29

http://www.biomedcentral.com/1471-2148/6/29

Input sequence file: /home/luiz/Área de Trabalho/sciphy/cgi-bin/out/file.aln
Format is PHYLIP INTERLEAVED
Datatype is AMINO ACID
Building initial NJ tree......
Created models
Starting to optimise model parameters.....
Number of observed invariant sites: 185
Optimising model 1 of 88: BLOSUM62
Optimising model 2 of 88: BLOSUM62+G
Optimising model 3 of 88: BLOSUM62+I
Optimising model 4 of 88: BLOSUM62+I+G
Optimising model 5 of 88: BLOSUM62+F
Optimising model 6 of 88: BLOSUM62+G+F
Optimising model 7 of 88: BLOSUM62+I+F
Optimising model 8 of 88: BLOSUM62+I+G+F
Optimising model 9 of 88: CPREV
Optimising model 10 of 88: CPREV+G
Optimising model 11 of 88: CPREV+I
Optimising model 12 of 88: CPREV+I+G
Optimising model 13 of 88: CPREV+F
Optimising model 14 of 88: CPREV+G+F
Optimising model 15 of 88: CPREV+I+F
Optimising model 16 of 88: CPREV+I+G+F
Optimising model 17 of 88: Dayhoff
Optimising model 18 of 88: Dayhoff+G
Optimising model 19 of 88: Dayhoff+I
Optimising model 20 of 88: Dayhoff+I+G
Optimising model 21 of 88: Dayhoff+F
Optimising model 22 of 88: Dayhoff+G+F
Optimising model 23 of 88: Dayhoff+I+F
Optimising model 24 of 88: Dayhoff+I+G+F
Optimising model 25 of 88: JTT
Optimising model 26 of 88: JTT+G
Optimising model 27 of 88: JTT+I
Optimising model 28 of 88: JTT+I+G
Optimising model 29 of 88: JTT+F
Optimising model 30 of 88: JTT+G+F
Optimising model 31 of 88: JTT+I+F
Optimising model 32 of 88: JTT+I+G+F
Optimising model 33 of 88: MTREV24
Optimising model 34 of 88: MTREV24+G
Optimising model 35 of 88: MTREV24+I
Optimising model 36 of 88: MTREV24+I+G
Optimising model 37 of 88: MTREV24+F
Optimising model 38 of 88: MTREV24+G+F
Optimising model 39 of 88: MTREV24+I+F
Optimising model 40 of 88: MTREV24+I+G+F
Optimising model 41 of 88: VT
Optimising model 42 of 88: VT+G
Optimising model 43 of 88: VT+I
Optimising model 44 of 88: VT+I+G
Optimising model 45 of 88: VT+F
Optimising model 46 of 88: VT+G+F
Optimising model 47 of 88: VT+I+F
Optimising model 48 of 88: VT+I+G+F
Optimising model 49 of 88: WAG
Optimising model 50 of 88: WAG+G
Optimising model 51 of 88: WAG+I
Optimising model 52 of 88: WAG+I+G
Optimising model 53 of 88: WAG+F
Optimising model 54 of 88: WAG+G+F
Optimising model 55 of 88: WAG+I+F
Optimising model 56 of 88: WAG+I+G+F
Optimising model 57 of 88: DCMut
Optimising model 58 of 88: DCMut+G
Optimising model 59 of 88: DCMut+I
Optimising model 60 of 88: DCMut+I+G
Optimising model 61 of 88: DCMut+F
Optimising model 62 of 88: DCMut+G+F
Optimising model 63 of 88: DCMut+I+F
Optimising model 64 of 88: DCMut+I+G+F
Optimising model 65 of 88: RtREV
Optimising model 66 of 88: RtREV+G
Optimising model 67 of 88: RtREV+I
Optimising model 68 of 88: RtREV+I+G
Optimising model 69 of 88: RtREV+F
Optimising model 70 of 88: RtREV+G+F
Optimising model 71 of 88: RtREV+I+F
Optimising model 72 of 88: RtREV+I+G+F
Optimising model 73 of 88: MtMam
Optimising model 74 of 88: MtMam+G
Optimising model 75 of 88: MtMam+I
Optimising model 76 of 88: MtMam+I+G
Optimising model 77 of 88: MtMam+F
Optimising model 78 of 88: MtMam+G+F
Optimising model 79 of 88: MtMam+I+F
Optimising model 80 of 88: MtMam+I+G+F
Optimising model 81 of 88: MtArt
Optimising model 82 of 88: MtArt+G
Optimising model 83 of 88: MtArt+I
Optimising model 84 of 88: MtArt+I+G
Optimising model 85 of 88: MtArt+F
Optimising model 86 of 88: MtArt+G+F
Optimising model 87 of 88: MtArt+I+F
Optimising model 88 of 88: MtArt+I+G+F

		Uniform			+G			I			I+G			+F			+G+F			+I+F			+I+G+F
BLOSUM62	-2200.4592796890684	-2194.7978982318737	-2195.727176528794	-2195.2550364993667	-2168.7175178866273	-2163.4390948243918	-2164.790621611281	-2163.815671454139	
CPREV		-2205.8750416316693	-2194.2478496269987	-2194.3745370365323	-2194.206454609082	-2164.4453772798333	-2152.9771185034515	-2153.7174857350524	-2153.1509973571274	
Dayhoff		-2209.9861360359714	-2188.758062818		-2192.077077094001	-2189.9144605850265	-2186.45541024331	-2165.6507076427765	-2168.7459931420344	-2166.1828135954133	
JTT		-2194.6785547411037	-2181.00463134042	-2182.4940345444697	-2181.6867348885826	-2172.4839901151395	-2159.6616104990485	-2161.1884470978307	-2160.0797122318286	
MTREV24		-2357.5560936644692	-2326.666055735101	-2329.59919180708	-2327.3732341108653	-2187.3857527999585	-2163.509094730387	-2166.3080692820245	-2163.945639679772	
VT		-2212.4494069967477	-2199.074595242866	-2202.1829065082966	-2200.1621790760883	-2182.1307154747324	-2170.1082653207636	-2173.7088219537864	-2170.765983712917	
WAG		-2188.1457190503984	-2177.680724548355	-2179.057636345364	-2178.318421785926	-2166.4061812724735	-2156.9074413178496	-2158.4643085869734	-2157.355477151731	
DCMut		-2210.955755707269	-2189.1963249567875	-2192.7526508770084	-2190.407454908969	-2187.286423962201	-2165.8851021330042	-2169.220519306042	-2166.417304164853	
RtREV		-2223.2370901714307	-2211.0549748697313	-2211.0747722378114	-2210.9817706679096	-2171.367690894843	-2159.911477612124	-2160.87408890371	-2160.236623635254	
MtMam		-2408.1662588226977	-2339.121204102728	-2356.3447825855383	-2339.974021838891	-2221.788608580441	-2174.296528556535	-2182.5000305403682	-2174.448452591829	
MtArt		-2420.27819031219	-2346.4292728376113	-2367.84652955317	-2347.804120482481	-2242.9435976852415	-2185.1605489998715	-2198.935193875177	-2185.343627662357	

****Akaike Information Criterion 1 (AIC1)****

Model Selected: CPREV+G+F
-lnL = 2152.9771185034515
k = 25 (Branch lengths included as model parameters)
AIC1 = 4355.954237006903

Substitution Model (with Rate Distribution):
Model of substitution: CPREV (Adachi et al. 2000)

Amino acid frequencies:
pi(A) = 0.11195
pi(R) = 0.06934
pi(N) = 0.04511
pi(D) = 0.04929
pi(C) = 0.02172
pi(Q) = 0.03592
pi(E) = 0.05430
pi(G) = 0.07769
pi(H) = 0.02924
pi(I) = 0.01838
pi(L) = 0.08772
pi(K) = 0.04428
pi(M) = 0.01838
pi(F) = 0.03175
pi(P) = 0.03926
pi(S) = 0.07769
pi(T) = 0.04511
pi(W) = 0.01504
pi(Y) = 0.04010
pi(V) = 0.08772


Model of rate heterogeneity: Discrete Gamma
Number of rate categories: 6
Gamma distribution parameter alpha: 1.85

Relative rates and their probabilities:

    Rate      Probability
1   0.22710   0.16667
2   0.47633   0.16667
3   0.72010   0.16667
4   1.00566   0.16667
5   1.39892   0.16667
6   2.17190   0.16667


****Akaike Information Criterion 2 (AIC2)****

Model Selected: WAG+G
-lnL = 2177.680724548355
k = 6 (Branch lengths included as model parameters)
AIC2 = 4385.36144909671

Substitution Model (with Rate Distribution):
Model of substitution: WAG (Whelan-Goldman 2000)

Amino acid frequencies:
pi(A) = 0.08663
pi(R) = 0.04397
pi(N) = 0.03909
pi(D) = 0.05705
pi(C) = 0.01931
pi(Q) = 0.03673
pi(E) = 0.05806
pi(G) = 0.08325
pi(H) = 0.02443
pi(I) = 0.04847
pi(L) = 0.08621
pi(K) = 0.06203
pi(M) = 0.01950
pi(F) = 0.03843
pi(P) = 0.04576
pi(S) = 0.06952
pi(T) = 0.06101
pi(W) = 0.01439
pi(Y) = 0.03527
pi(V) = 0.07090


Model of rate heterogeneity: Discrete Gamma
Number of rate categories: 6
Gamma distribution parameter alpha: 1.78

Relative rates and their probabilities:

    Rate      Probability
1   0.21736   0.16667
2   0.46604   0.16667
3   0.71218   0.16667
4   1.00244   0.16667
5   1.40419   0.16667
6   2.19778   0.16667


****Bayesian Information Criterion (BIC)****

Model Selected: WAG+G
-lnL = 2177.680724548355
k = 6 (Branch lengths included as model parameters)
BIC = 4390.954920221398

Substitution Model (with Rate Distribution):
Model of substitution: WAG (Whelan-Goldman 2000)

Amino acid frequencies:
pi(A) = 0.08663
pi(R) = 0.04397
pi(N) = 0.03909
pi(D) = 0.05705
pi(C) = 0.01931
pi(Q) = 0.03673
pi(E) = 0.05806
pi(G) = 0.08325
pi(H) = 0.02443
pi(I) = 0.04847
pi(L) = 0.08621
pi(K) = 0.06203
pi(M) = 0.01950
pi(F) = 0.03843
pi(P) = 0.04576
pi(S) = 0.06952
pi(T) = 0.06101
pi(W) = 0.01439
pi(Y) = 0.03527
pi(V) = 0.07090


Model of rate heterogeneity: Discrete Gamma
Number of rate categories: 6
Gamma distribution parameter alpha: 1.78

Relative rates and their probabilities:

    Rate      Probability
1   0.21736   0.16667
2   0.46604   0.16667
3   0.71218   0.16667
4   1.00244   0.16667
5   1.40419   0.16667
6   2.19778   0.16667


Model-fit Ranking according to all measures
-------------------------------------------------------------------------------------------------------------------------------------------------------------------------------------------------------
	AIC1			Model		Ln			AIC2			Model		Ln			BIC			Model		Ln
-------------------------------------------------------------------------------------------------------------------------------------------------------------------------------------------------------

0	4355.954237006903	CPREV+G+F	-2152.9771185034515	4385.36144909671	WAG+G		-2177.680724548355	4390.954920221398	WAG+G		-2177.680724548355	
1	4357.434971470105	CPREV+I+F	-2153.7174857350524	4388.115272690728	WAG+I		-2179.057636345364	4393.708743815416	WAG+I		-2179.057636345364	
2	4358.301994714255	CPREV+I+G+F	-2153.1509973571274	4391.636843571852	WAG+I+G		-2178.318421785926	4397.602733805528	JTT+G		-2181.00463134042	
3	4363.814882635699	WAG+G+F		-2156.9074413178496	4392.00926268084	JTT+G		-2181.00463134042	4398.162559883988	WAG+I+G		-2178.318421785926	
4	4366.710954303462	WAG+I+G+F	-2157.355477151731	4394.9880690889395	JTT+I		-2182.4940345444697	4400.581540213628	JTT+I		-2182.4940345444697	
5	4366.928617173947	WAG+I+F		-2158.4643085869734	4398.373469777165	JTT+I+G		-2181.6867348885826	4404.899186089301	JTT+I+G		-2181.6867348885826	
6	4367.36144909671	WAG+G		-2177.680724548355	4401.291438100797	WAG		-2188.1457190503984	4405.952664038037	WAG		-2188.1457190503984	
7	4369.323220998097	JTT+G+F		-2159.6616104990485	4407.516125636		Dayhoff+G	-2188.758062818		4413.109596760688	Dayhoff+G	-2188.758062818		
8	4369.822955224248	RtREV+G+F	-2159.911477612124	4408.392649913575	DCMut+G		-2189.1963249567875	4413.986121038263	DCMut+G		-2189.1963249567875	
9	4370.115272690728	WAG+I		-2179.057636345364	4414.154154188002	Dayhoff+I	-2192.077077094001	4419.018335419448	JTT		-2194.6785547411037	
10	4370.636843571852	WAG+I+G		-2178.318421785926	4414.357109482207	JTT		-2194.6785547411037	4419.747625312691	Dayhoff+I	-2192.077077094001	
11	4371.74817780742	RtREV+I+F	-2160.87408890371	4414.828921170053	Dayhoff+I+G	-2189.9144605850265	4421.098772878705	DCMut+I		-2192.7526508770084	
12	4372.159424463657	JTT+I+G+F	-2160.0797122318286	4415.505301754017	DCMut+I		-2192.7526508770084	4421.354637482189	Dayhoff+I+G	-2189.9144605850265	
13	4372.376894195661	JTT+I+F		-2161.1884470978307	4415.814909817938	DCMut+I+G	-2190.407454908969	4422.340626130074	DCMut+I+G	-2190.407454908969	
14	4372.473247270508	RtREV+I+G+F	-2160.236623635254	4418.495699253997	CPREV+G		-2194.2478496269987	4424.089170378686	CPREV+G		-2194.2478496269987	
15	4374.00926268084	JTT+G		-2181.00463134042	4418.749074073065	CPREV+I		-2194.3745370365323	4424.342545197753	CPREV+I		-2194.3745370365323	
16	4376.8781896487835	BLOSUM62+G+F	-2163.4390948243918	4419.595796463747	BLOSUM62+G	-2194.7978982318737	4425.1892675884355	BLOSUM62+G	-2194.7978982318737	
17	4376.890754559667	CPREV+F		-2164.4453772798333	4421.454353057588	BLOSUM62+I	-2195.727176528794	4427.047824182277	BLOSUM62+I	-2195.727176528794	
18	4376.9880690889395	JTT+I		-2182.4940345444697	4423.412909218164	CPREV+I+G	-2194.206454609082	4429.9386255303		CPREV+I+G	-2194.206454609082	
19	4377.018189460774	MTREV24+G+F	-2163.509094730387	4425.510072998733	BLOSUM62+I+G	-2195.2550364993667	4430.579785315377	BLOSUM62	-2200.4592796890684	
20	4377.373469777165	JTT+I+G		-2181.6867348885826	4425.918559378137	BLOSUM62	-2200.4592796890684	4430.579785315377	BLOSUM62	-2200.4592796890684	
21	4379.581243222562	BLOSUM62+I+F	-2164.790621611281	4425.918559378137	BLOSUM62	-2200.4592796890684	4432.035789310869	BLOSUM62+I+G	-2195.2550364993667	
22	4379.631342908278	BLOSUM62+I+G+F	-2163.815671454139	4428.149190485732	VT+G		-2199.074595242866	4433.74266161042	VT+G		-2199.074595242866	
23	4379.891279359544	MTREV24+I+G+F	-2163.945639679772	4430.954237006903	CPREV+G+F	-2152.9771185034515	4439.959284141281	VT+I		-2202.1829065082966	
24	4380.812362544947	WAG+F		-2166.4061812724735	4432.434971470105	CPREV+I+F	-2153.7174857350524	4441.411309200579	CPREV		-2205.8750416316693	
25	4381.301415285553	Dayhoff+G+F	-2165.6507076427765	4434.365813016593	VT+I		-2202.1829065082966	4441.8500744643125	VT+I+G		-2200.1621790760883	
26	4381.7702042660085	DCMut+G+F	-2165.8851021330042	4435.3243581521765	VT+I+G		-2200.1621790760883	4449.633498009183	Dayhoff		-2209.9861360359714	
27	4382.616138564049	MTREV24+I+F	-2166.3080692820245	4436.301994714255	CPREV+I+G+F	-2153.1509973571274	4451.572737351778	DCMut		-2210.955755707269	
28	4384.365627190827	Dayhoff+I+G+F	-2166.1828135954133	4436.750083263339	CPREV		-2205.8750416316693	4454.260366693104	CPREV+G+F	-2152.9771185034515	
29	4384.834608329706	DCMut+I+G+F	-2166.417304164853	4438.814882635699	WAG+G+F		-2156.9074413178496	4454.560039930736	VT		-2212.4494069967477	
30	4385.435035773255	BLOSUM62+F	-2168.7175178866273	4441.928617173947	WAG+I+F		-2158.4643085869734	4455.741101156305	CPREV+I+F	-2153.7174857350524	
31	4386.291438100797	WAG		-2188.1457190503984	4444.323220998097	JTT+G+F		-2159.6616104990485	4457.703420864151	RtREV+G		-2211.0549748697313	
32	4387.491986284069	Dayhoff+I+F	-2168.7459931420344	4444.710954303462	WAG+I+G+F	-2157.355477151731	4457.743015600311	RtREV+I		-2211.0747722378114	
33	4388.441038612084	DCMut+I+F	-2169.220519306042	4444.822955224248	RtREV+G+F	-2159.911477612124	4460.540369587903	CPREV+I+G+F	-2153.1509973571274	
34	4389.516125636		Dayhoff+G	-2188.758062818		4444.972272071943	Dayhoff		-2209.9861360359714	4462.1210123219		WAG+G+F		-2156.9074413178496	
35	4390.216530641527	VT+G+F		-2170.1082653207636	4446.74817780742	RtREV+I+F	-2160.87408890371	4463.489257647955	RtREV+I+G	-2210.9817706679096	
36	4390.392649913575	DCMut+G		-2189.1963249567875	4446.911511414538	DCMut		-2210.955755707269	4465.234746860147	WAG+I+F		-2158.4643085869734	
37	4390.735381789686	RtREV+F		-2171.367690894843	4447.376894195661	JTT+I+F		-2161.1884470978307	4467.629350684298	JTT+G+F		-2159.6616104990485	
38	4392.967980230279	JTT+F		-2172.4839901151395	4448.890754559667	CPREV+F		-2164.4453772798333	4468.129084910449	RtREV+G+F	-2159.911477612124	
39	4393.531967425834	VT+I+G+F	-2170.765983712917	4449.898813993495	VT		-2212.4494069967477	4468.9493291771105	WAG+I+G+F	-2157.355477151731	
40	4393.828921170053	Dayhoff+I+G	-2189.9144605850265	4450.159424463657	JTT+I+G+F	-2160.0797122318286	4470.05430749362	RtREV+I+F	-2160.87408890371	
41	4394.814909817938	DCMut+I+G	-2190.407454908969	4450.473247270508	RtREV+I+G+F	-2160.236623635254	4470.683023881862	JTT+I+F		-2161.1884470978307	
42	4396.154154188002	Dayhoff+I	-2192.077077094001	4451.8781896487835	BLOSUM62+G+F	-2163.4390948243918	4471.264639058419	CPREV+F		-2164.4453772798333	
43	4397.417643907573	VT+I+F		-2173.7088219537864	4452.018189460774	MTREV24+G+F	-2163.509094730387	4474.3977993373055	JTT+I+G+F	-2160.0797122318286	
44	4397.505301754017	DCMut+I		-2192.7526508770084	4452.1099497394625	RtREV+G		-2211.0549748697313	4474.7116221441565	RtREV+I+G+F	-2160.236623635254	
45	4398.59305711307	MtMam+G+F	-2174.296528556535	4452.149544475623	RtREV+I		-2211.0747722378114	4475.184319334984	BLOSUM62+G+F	-2163.4390948243918	
46	4399.357109482207	JTT		-2194.6785547411037	4452.812362544947	WAG+F		-2166.4061812724735	4475.186247043699	WAG+F		-2166.4061812724735	
47	4400.495699253997	CPREV+G		-2194.2478496269987	4454.581243222562	BLOSUM62+I+F	-2164.790621611281	4475.324319146975	MTREV24+G+F	-2163.509094730387	
48	4400.749074073065	CPREV+I		-2194.3745370365323	4456.301415285553	Dayhoff+G+F	-2165.6507076427765	4476.135406280102	RtREV		-2223.2370901714307	
49	4400.896905183658	MtMam+I+G+F	-2174.448452591829	4456.7702042660085	DCMut+G+F	-2165.8851021330042	4477.887372908763	BLOSUM62+I+F	-2164.790621611281	
50	4401.595796463747	BLOSUM62+G	-2194.7978982318737	4456.963541335819	RtREV+I+G	-2210.9817706679096	4479.607544971754	Dayhoff+G+F	-2165.6507076427765	
51	4402.412909218164	CPREV+I+G	-2194.206454609082	4457.435035773255	BLOSUM62+F	-2168.7175178866273	4479.808920272007	BLOSUM62+F	-2168.7175178866273	
52	4403.454353057588	BLOSUM62+I	-2195.727176528794	4457.616138564049	MTREV24+I+F	-2166.3080692820245	4480.076333952209	DCMut+G+F	-2165.8851021330042	
53	4404.510072998733	BLOSUM62+I+G	-2195.2550364993667	4457.631342908278	BLOSUM62+I+G+F	-2163.815671454139	4480.9222682502495	MTREV24+I+F	-2166.3080692820245	
54	4410.149190485732	VT+G		-2199.074595242866	4457.891279359544	MTREV24+I+G+F	-2163.945639679772	4481.869717781927	BLOSUM62+I+G+F	-2163.815671454139	
55	4410.918559378137	BLOSUM62	-2200.4592796890684	4462.365627190827	Dayhoff+I+G+F	-2166.1828135954133	4482.129654233192	MTREV24+I+G+F	-2163.945639679772	
56	4410.918559378137	BLOSUM62	-2200.4592796890684	4462.491986284069	Dayhoff+I+F	-2168.7459931420344	4485.1092662884375	RtREV+F		-2171.367690894843	
57	4412.261430949465	VT+F		-2182.1307154747324	4462.735381789686	RtREV+F		-2171.367690894843	4485.7981159702695	Dayhoff+I+F	-2168.7459931420344	
58	4414.3243581521765	VT+I+G		-2200.1621790760883	4462.834608329706	DCMut+I+G+F	-2166.417304164853	4486.604002064475	Dayhoff+I+G+F	-2166.1828135954133	
59	4415.0000610807365	MtMam+I+F	-2182.5000305403682	4463.441038612084	DCMut+I+F	-2169.220519306042	4486.747168298285	DCMut+I+F	-2169.220519306042	
60	4416.365813016593	VT+I		-2202.1829065082966	4464.967980230279	JTT+F		-2172.4839901151395	4487.072983203354	DCMut+I+G+F	-2166.417304164853	
61	4420.321097999743	MtArt+G+F	-2185.1605489998715	4465.216530641527	VT+G+F		-2170.1082653207636	4487.341864729031	JTT+F		-2172.4839901151395	
62	4420.91082048662	Dayhoff+F	-2186.45541024331	4471.4741803428615	RtREV		-2223.2370901714307	4488.522660327728	VT+G+F		-2170.1082653207636	
63	4421.750083263339	CPREV		-2205.8750416316693	4471.531967425834	VT+I+G+F	-2170.765983712917	4495.723773593773	VT+I+F		-2173.7088219537864	
64	4422.572847924402	DCMut+F		-2187.286423962201	4472.417643907573	VT+I+F		-2173.7088219537864	4495.770342299483	VT+I+G+F	-2170.765983712917	
65	4422.687255324714	MtArt+I+G+F	-2185.343627662357	4473.59305711307	MtMam+G+F	-2174.296528556535	4496.899186799271	MtMam+G+F	-2174.296528556535	
66	4422.771505599917	MTREV24+F	-2187.3857527999585	4478.896905183658	MtMam+I+G+F	-2174.448452591829	4503.135280057307	MtMam+I+G+F	-2174.448452591829	
67	4429.972272071943	Dayhoff		-2209.9861360359714	4484.261430949465	VT+F		-2182.1307154747324	4506.635315448217	VT+F		-2182.1307154747324	
68	4431.911511414538	DCMut		-2210.955755707269	4490.0000610807365	MtMam+I+F	-2182.5000305403682	4513.306190766937	MtMam+I+F	-2182.5000305403682	
69	4434.1099497394625	RtREV+G		-2211.0549748697313	4492.91082048662	Dayhoff+F	-2186.45541024331	4515.284704985372	Dayhoff+F	-2186.45541024331	
70	4434.149544475623	RtREV+I		-2211.0747722378114	4494.572847924402	DCMut+F		-2187.286423962201	4516.946732423154	DCMut+F		-2187.286423962201	
71	4434.898813993495	VT		-2212.4494069967477	4494.771505599917	MTREV24+F	-2187.3857527999585	4517.145390098669	MTREV24+F	-2187.3857527999585	
72	4435.963541335819	RtREV+I+G	-2210.9817706679096	4495.321097999743	MtArt+G+F	-2185.1605489998715	4518.627227685944	MtArt+G+F	-2185.1605489998715	
73	4447.870387750354	MtArt+I+F	-2198.935193875177	4500.687255324714	MtArt+I+G+F	-2185.343627662357	4524.925630198362	MtArt+I+G+F	-2185.343627662357	
74	4456.4741803428615	RtREV		-2223.2370901714307	4522.870387750354	MtArt+I+F	-2198.935193875177	4546.176517436555	MtArt+I+F	-2198.935193875177	
75	4491.577217160882	MtMam+F		-2221.788608580441	4563.577217160882	MtMam+F		-2221.788608580441	4585.951101659634	MtMam+F		-2221.788608580441	
76	4533.887195370483	MtArt+F		-2242.9435976852415	4605.887195370483	MtArt+F		-2242.9435976852415	4628.261079869235	MtArt+F		-2242.9435976852415	
77	4665.332111470202	MTREV24+G	-2326.666055735101	4683.332111470202	MTREV24+G	-2326.666055735101	4688.92558259489	MTREV24+G	-2326.666055735101	
78	4668.7464682217305	MTREV24+I+G	-2327.3732341108653	4689.19838361416	MTREV24+I	-2329.59919180708	4694.791854738848	MTREV24+I	-2329.59919180708	
79	4671.19838361416	MTREV24+I	-2329.59919180708	4689.7464682217305	MTREV24+I+G	-2327.3732341108653	4696.2721845338665	MTREV24+I+G	-2327.3732341108653	
80	4690.242408205456	MtMam+G		-2339.121204102728	4708.242408205456	MtMam+G		-2339.121204102728	4713.835879330144	MtMam+G		-2339.121204102728	
81	4693.948043677782	MtMam+I+G	-2339.974021838891	4714.948043677782	MtMam+I+G	-2339.974021838891	4721.473759989918	MtMam+I+G	-2339.974021838891	
82	4704.858545675223	MtArt+G		-2346.4292728376113	4722.858545675223	MtArt+G		-2346.4292728376113	4728.452016799911	MtArt+G		-2346.4292728376113	
83	4709.608240964962	MtArt+I+G	-2347.804120482481	4730.608240964962	MtArt+I+G	-2347.804120482481	4737.133957277098	MtArt+I+G	-2347.804120482481	
84	4724.6895651710765	MtMam+I		-2356.3447825855383	4740.1121873289385	MTREV24		-2357.5560936644692	4744.773413266179	MTREV24		-2357.5560936644692	
85	4725.1121873289385	MTREV24		-2357.5560936644692	4742.6895651710765	MtMam+I		-2356.3447825855383	4748.283036295765	MtMam+I		-2356.3447825855383	
86	4747.69305910634	MtArt+I		-2367.84652955317	4765.69305910634	MtArt+I		-2367.84652955317	4771.286530231028	MtArt+I		-2367.84652955317	
87	4826.3325176453955	MtMam		-2408.1662588226977	4841.3325176453955	MtMam		-2408.1662588226977	4845.993743582636	MtMam		-2408.1662588226977	
88	4850.55638062438	MtArt		-2420.27819031219	4865.55638062438	MtArt		-2420.27819031219	4870.21760656162	MtArt		-2420.27819031219	

Analysis took: 0 minutes 40 seconds
